C:\SHARED\SVN\WINBRIDGE\DIRECTSHOW\RELEASE\.NETFRAMEWORK,VERSION=V4.0.ASSEMBLYATTRIBUTES.OBJ
C:\SHARED\SVN\WINBRIDGE\DIRECTSHOW\RELEASE\APP.RES
C:\SHARED\SVN\WINBRIDGE\DIRECTSHOW\RELEASE\ASSEMBLYINFO.OBJ
C:\shared\svn\WinBridge\DirectShow\Release\cl.command.1.tlog
C:\shared\svn\WinBridge\DirectShow\Release\CL.read.1.tlog
C:\shared\svn\WinBridge\DirectShow\Release\CL.write.1.tlog
C:\SHARED\SVN\WINBRIDGE\DIRECTSHOW\RELEASE\DIRECTSHOW.OBJ
C:\shared\svn\WinBridge\DirectShow\Release\DirectShow.write.1.tlog
C:\SHARED\SVN\WINBRIDGE\DIRECTSHOW\RELEASE\DIRECTSHOWBRIDGE.DLL.INTERMEDIATE.MANIFEST
C:\SHARED\SVN\WINBRIDGE\DIRECTSHOW\RELEASE\DIRECTSHOWBRIDGE.PCH
C:\shared\svn\WinBridge\DirectShow\Release\link.command.1.tlog
C:\shared\svn\WinBridge\DirectShow\Release\link.read.1.tlog
C:\shared\svn\WinBridge\DirectShow\Release\link.write.1.tlog
C:\shared\svn\WinBridge\DirectShow\Release\link-cvtres.read.1.tlog
C:\shared\svn\WinBridge\DirectShow\Release\link-cvtres.write.1.tlog
C:\SHARED\SVN\WINBRIDGE\DIRECTSHOW\RELEASE\MEDIATYPES.OBJ
C:\shared\svn\WinBridge\DirectShow\Release\mt.command.1.tlog
C:\shared\svn\WinBridge\DirectShow\Release\mt.read.1.tlog
C:\shared\svn\WinBridge\DirectShow\Release\mt.write.1.tlog
C:\shared\svn\WinBridge\DirectShow\Release\rc.command.1.tlog
C:\shared\svn\WinBridge\DirectShow\Release\rc.read.1.tlog
C:\shared\svn\WinBridge\DirectShow\Release\rc.write.1.tlog
C:\SHARED\SVN\WINBRIDGE\DIRECTSHOW\RELEASE\STDAFX.OBJ
C:\SHARED\SVN\WINBRIDGE\DIRECTSHOW\RELEASE\UTILS.OBJ
C:\SHARED\SVN\WINBRIDGE\DIRECTSHOW\RELEASE\VC100.PDB
C:\SHARED\SVN\WINBRIDGE\RELEASE\DIRECTSHOWBRIDGE.DLL
C:\SHARED\SVN\WINBRIDGE\RELEASE\DIRECTSHOWBRIDGE.PDB
